1783013702.213261 client started (44355): version 3.7a, socket /private/tmp/tmux-501/default, protocol 8
1783013702.213281 on Darwin 27.0.0 Darwin Kernel Version 27.0.0: Mon Jun 15 23:01:45 PDT 2026; root:xnu-13432.0.5.501.1~2/RELEASE_ARM64_T8142
1783013702.213286 using libevent 2.1.13-stable select
1783013702.213542 using utf8proc 2.11.3
1783013702.213549 using ncurses 6.6 20251230
1783013702.213556 flags are 0x10010000
1783013702.213559 socket is /private/tmp/tmux-501/default
1783013702.213565 trying connect
1783013702.213581 add peer 0x10357dd40: 6 (0x0)
1783013702.214470 sending message 111 to peer 0x10357dd40 (8 bytes)
1783013702.214476 sending message 111 to peer 0x10357dd40 (8 bytes)
1783013702.214479 sending message 101 to peer 0x10357dd40 (14 bytes)
1783013702.214482 sending message 109 to peer 0x10357dd40 (4 bytes)
1783013702.214485 sending message 102 to peer 0x10357dd40 (13 bytes)
1783013702.214488 sending message 108 to peer 0x10357dd40 (29 bytes)
1783013702.214491 sending message 112 to peer 0x10357dd40 (70 bytes)
1783013702.214494 sending message 112 to peer 0x10357dd40 (5 bytes)
1783013702.214498 sending message 112 to peer 0x10357dd40 (5 bytes)
1783013702.214501 sending message 112 to peer 0x10357dd40 (6 bytes)
1783013702.214504 sending message 112 to peer 0x10357dd40 (6 bytes)
1783013702.214507 sending message 112 to peer 0x10357dd40 (11 bytes)
1783013702.214510 sending message 112 to peer 0x10357dd40 (10 bytes)
1783013702.214513 sending message 112 to peer 0x10357dd40 (13 bytes)
1783013702.214516 sending message 112 to peer 0x10357dd40 (13 bytes)
1783013702.214518 sending message 112 to peer 0x10357dd40 (18 bytes)
1783013702.214521 sending message 112 to peer 0x10357dd40 (11 bytes)
1783013702.214524 sending message 112 to peer 0x10357dd40 (10 bytes)
1783013702.214527 sending message 112 to peer 0x10357dd40 (15 bytes)
1783013702.214529 sending message 112 to peer 0x10357dd40 (21 bytes)
1783013702.214532 sending message 112 to peer 0x10357dd40 (13 bytes)
1783013702.214535 sending message 112 to peer 0x10357dd40 (7 bytes)
1783013702.214537 sending message 112 to peer 0x10357dd40 (13 bytes)
1783013702.214540 sending message 112 to peer 0x10357dd40 (7 bytes)
1783013702.214543 sending message 112 to peer 0x10357dd40 (13 bytes)
1783013702.214545 sending message 112 to peer 0x10357dd40 (9 bytes)
1783013702.214548 sending message 112 to peer 0x10357dd40 (21 bytes)
1783013702.214551 sending message 112 to peer 0x10357dd40 (13 bytes)
1783013702.214553 sending message 112 to peer 0x10357dd40 (8 bytes)
1783013702.214556 sending message 112 to peer 0x10357dd40 (12 bytes)
1783013702.214559 sending message 112 to peer 0x10357dd40 (13 bytes)
1783013702.214563 sending message 112 to peer 0x10357dd40 (9 bytes)
1783013702.214566 sending message 112 to peer 0x10357dd40 (9 bytes)
1783013702.214569 sending message 112 to peer 0x10357dd40 (12 bytes)
1783013702.214572 sending message 112 to peer 0x10357dd40 (8 bytes)
1783013702.214574 sending message 112 to peer 0x10357dd40 (8 bytes)
1783013702.214577 sending message 112 to peer 0x10357dd40 (7 bytes)
1783013702.214579 sending message 112 to peer 0x10357dd40 (7 bytes)
1783013702.214582 sending message 112 to peer 0x10357dd40 (9 bytes)
1783013702.214585 sending message 112 to peer 0x10357dd40 (13 bytes)
1783013702.214587 sending message 112 to peer 0x10357dd40 (6 bytes)
1783013702.214590 sending message 112 to peer 0x10357dd40 (9 bytes)
1783013702.214592 sending message 112 to peer 0x10357dd40 (15 bytes)
1783013702.214595 sending message 112 to peer 0x10357dd40 (13 bytes)
1783013702.214597 sending message 112 to peer 0x10357dd40 (12 bytes)
1783013702.214600 sending message 112 to peer 0x10357dd40 (8 bytes)
1783013702.214602 sending message 112 to peer 0x10357dd40 (14 bytes)
1783013702.214605 sending message 112 to peer 0x10357dd40 (11 bytes)
1783013702.214607 sending message 112 to peer 0x10357dd40 (9 bytes)
1783013702.214610 sending message 112 to peer 0x10357dd40 (10 bytes)
1783013702.214613 sending message 112 to peer 0x10357dd40 (10 bytes)
1783013702.214615 sending message 112 to peer 0x10357dd40 (10 bytes)
1783013702.214625 sending message 112 to peer 0x10357dd40 (10 bytes)
1783013702.214628 sending message 112 to peer 0x10357dd40 (11 bytes)
1783013702.214630 sending message 112 to peer 0x10357dd40 (12 bytes)
1783013702.214632 sending message 112 to peer 0x10357dd40 (12 bytes)
1783013702.214634 sending message 112 to peer 0x10357dd40 (12 bytes)
1783013702.214636 sending message 112 to peer 0x10357dd40 (12 bytes)
1783013702.214638 sending message 112 to peer 0x10357dd40 (12 bytes)
1783013702.214640 sending message 112 to peer 0x10357dd40 (11 bytes)
1783013702.214642 sending message 112 to peer 0x10357dd40 (11 bytes)
1783013702.214645 sending message 112 to peer 0x10357dd40 (12 bytes)
1783013702.214647 sending message 112 to peer 0x10357dd40 (12 bytes)
1783013702.214649 sending message 112 to peer 0x10357dd40 (12 bytes)
1783013702.214651 sending message 112 to peer 0x10357dd40 (12 bytes)
1783013702.214653 sending message 112 to peer 0x10357dd40 (12 bytes)
1783013702.214656 sending message 112 to peer 0x10357dd40 (10 bytes)
1783013702.214658 sending message 112 to peer 0x10357dd40 (12 bytes)
1783013702.214661 sending message 112 to peer 0x10357dd40 (13 bytes)
1783013702.214663 sending message 112 to peer 0x10357dd40 (13 bytes)
1783013702.214665 sending message 112 to peer 0x10357dd40 (13 bytes)
1783013702.214667 sending message 112 to peer 0x10357dd40 (13 bytes)
1783013702.214669 sending message 112 to peer 0x10357dd40 (13 bytes)
1783013702.214671 sending message 112 to peer 0x10357dd40 (8 bytes)
1783013702.214673 sending message 112 to peer 0x10357dd40 (11 bytes)
1783013702.214675 sending message 112 to peer 0x10357dd40 (11 bytes)
1783013702.214678 sending message 112 to peer 0x10357dd40 (11 bytes)
1783013702.214680 sending message 112 to peer 0x10357dd40 (12 bytes)
1783013702.214682 sending message 112 to peer 0x10357dd40 (12 bytes)
1783013702.214684 sending message 112 to peer 0x10357dd40 (12 bytes)
1783013702.214686 sending message 112 to peer 0x10357dd40 (12 bytes)
1783013702.214688 sending message 112 to peer 0x10357dd40 (13 bytes)
1783013702.214690 sending message 112 to peer 0x10357dd40 (13 bytes)
1783013702.214692 sending message 112 to peer 0x10357dd40 (13 bytes)
1783013702.214694 sending message 112 to peer 0x10357dd40 (8 bytes)
1783013702.214697 sending message 112 to peer 0x10357dd40 (13 bytes)
1783013702.214699 sending message 112 to peer 0x10357dd40 (13 bytes)
1783013702.214701 sending message 112 to peer 0x10357dd40 (13 bytes)
1783013702.214703 sending message 112 to peer 0x10357dd40 (13 bytes)
1783013702.214705 sending message 112 to peer 0x10357dd40 (13 bytes)
1783013702.214707 sending message 112 to peer 0x10357dd40 (12 bytes)
1783013702.214709 sending message 112 to peer 0x10357dd40 (12 bytes)
1783013702.214711 sending message 112 to peer 0x10357dd40 (12 bytes)
1783013702.214713 sending message 112 to peer 0x10357dd40 (12 bytes)
1783013702.214715 sending message 112 to peer 0x10357dd40 (13 bytes)
1783013702.214718 sending message 112 to peer 0x10357dd40 (8 bytes)
1783013702.214720 sending message 112 to peer 0x10357dd40 (13 bytes)
1783013702.214722 sending message 112 to peer 0x10357dd40 (13 bytes)
1783013702.214724 sending message 112 to peer 0x10357dd40 (13 bytes)
1783013702.214726 sending message 112 to peer 0x10357dd40 (13 bytes)
1783013702.214728 sending message 112 to peer 0x10357dd40 (13 bytes)
1783013702.214730 sending message 112 to peer 0x10357dd40 (13 bytes)
1783013702.214732 sending message 112 to peer 0x10357dd40 (13 bytes)
1783013702.214734 sending message 112 to peer 0x10357dd40 (12 bytes)
1783013702.214736 sending message 112 to peer 0x10357dd40 (12 bytes)
1783013702.214738 sending message 112 to peer 0x10357dd40 (12 bytes)
1783013702.214740 sending message 112 to peer 0x10357dd40 (8 bytes)
1783013702.214743 sending message 112 to peer 0x10357dd40 (12 bytes)
1783013702.214745 sending message 112 to peer 0x10357dd40 (13 bytes)
1783013702.214747 sending message 112 to peer 0x10357dd40 (13 bytes)
1783013702.214749 sending message 112 to peer 0x10357dd40 (13 bytes)
1783013702.214754 sending message 112 to peer 0x10357dd40 (13 bytes)
1783013702.214756 sending message 112 to peer 0x10357dd40 (13 bytes)
1783013702.214758 sending message 112 to peer 0x10357dd40 (13 bytes)
1783013702.214760 sending message 112 to peer 0x10357dd40 (13 bytes)
1783013702.214762 sending message 112 to peer 0x10357dd40 (13 bytes)
1783013702.214764 sending message 112 to peer 0x10357dd40 (12 bytes)
1783013702.214767 sending message 112 to peer 0x10357dd40 (10 bytes)
1783013702.214769 sending message 112 to peer 0x10357dd40 (12 bytes)
1783013702.214771 sending message 112 to peer 0x10357dd40 (12 bytes)
1783013702.214773 sending message 112 to peer 0x10357dd40 (12 bytes)
1783013702.214775 sending message 112 to peer 0x10357dd40 (13 bytes)
1783013702.214777 sending message 112 to peer 0x10357dd40 (13 bytes)
1783013702.214779 sending message 112 to peer 0x10357dd40 (13 bytes)
1783013702.214781 sending message 112 to peer 0x10357dd40 (13 bytes)
1783013702.214783 sending message 112 to peer 0x10357dd40 (13 bytes)
1783013702.214785 sending message 112 to peer 0x10357dd40 (13 bytes)
1783013702.214787 sending message 112 to peer 0x10357dd40 (13 bytes)
1783013702.214789 sending message 112 to peer 0x10357dd40 (10 bytes)
1783013702.214792 sending message 112 to peer 0x10357dd40 (13 bytes)
1783013702.214794 sending message 112 to peer 0x10357dd40 (12 bytes)
1783013702.214796 sending message 112 to peer 0x10357dd40 (12 bytes)
1783013702.214798 sending message 112 to peer 0x10357dd40 (12 bytes)
1783013702.214800 sending message 112 to peer 0x10357dd40 (10 bytes)
1783013702.214802 sending message 112 to peer 0x10357dd40 (10 bytes)
1783013702.214804 sending message 112 to peer 0x10357dd40 (10 bytes)
1783013702.214806 sending message 112 to peer 0x10357dd40 (12 bytes)
1783013702.214808 sending message 112 to peer 0x10357dd40 (13 bytes)
1783013702.214810 sending message 112 to peer 0x10357dd40 (13 bytes)
1783013702.214813 sending message 112 to peer 0x10357dd40 (13 bytes)
1783013702.214815 sending message 112 to peer 0x10357dd40 (13 bytes)
1783013702.214817 sending message 112 to peer 0x10357dd40 (13 bytes)
1783013702.214819 sending message 112 to peer 0x10357dd40 (11 bytes)
1783013702.214821 sending message 112 to peer 0x10357dd40 (11 bytes)
1783013702.214824 sending message 112 to peer 0x10357dd40 (12 bytes)
1783013702.214826 sending message 112 to peer 0x10357dd40 (12 bytes)
1783013702.214828 sending message 112 to peer 0x10357dd40 (12 bytes)
1783013702.214830 sending message 112 to peer 0x10357dd40 (12 bytes)
1783013702.214832 sending message 112 to peer 0x10357dd40 (12 bytes)
1783013702.214834 sending message 112 to peer 0x10357dd40 (11 bytes)
1783013702.214836 sending message 112 to peer 0x10357dd40 (12 bytes)
1783013702.214839 sending message 112 to peer 0x10357dd40 (12 bytes)
1783013702.214841 sending message 112 to peer 0x10357dd40 (13 bytes)
1783013702.214843 sending message 112 to peer 0x10357dd40 (13 bytes)
1783013702.214845 sending message 112 to peer 0x10357dd40 (13 bytes)
1783013702.214847 sending message 112 to peer 0x10357dd40 (13 bytes)
1783013702.214849 sending message 112 to peer 0x10357dd40 (13 bytes)
1783013702.214851 sending message 112 to peer 0x10357dd40 (10 bytes)
1783013702.214853 sending message 112 to peer 0x10357dd40 (9 bytes)
1783013702.214855 sending message 112 to peer 0x10357dd40 (12 bytes)
1783013702.214858 sending message 112 to peer 0x10357dd40 (13 bytes)
1783013702.214860 sending message 112 to peer 0x10357dd40 (13 bytes)
1783013702.214862 sending message 112 to peer 0x10357dd40 (13 bytes)
1783013702.214864 sending message 112 to peer 0x10357dd40 (13 bytes)
1783013702.214866 sending message 112 to peer 0x10357dd40 (13 bytes)
1783013702.214868 sending message 112 to peer 0x10357dd40 (9 bytes)
1783013702.214870 sending message 112 to peer 0x10357dd40 (12 bytes)
1783013702.214872 sending message 112 to peer 0x10357dd40 (13 bytes)
1783013702.214874 sending message 112 to peer 0x10357dd40 (13 bytes)
1783013702.214876 sending message 112 to peer 0x10357dd40 (13 bytes)
1783013702.214878 sending message 112 to peer 0x10357dd40 (13 bytes)
1783013702.214882 sending message 112 to peer 0x10357dd40 (13 bytes)
1783013702.214885 sending message 112 to peer 0x10357dd40 (11 bytes)
1783013702.214887 sending message 112 to peer 0x10357dd40 (12 bytes)
1783013702.214889 sending message 112 to peer 0x10357dd40 (13 bytes)
1783013702.214891 sending message 112 to peer 0x10357dd40 (13 bytes)
1783013702.214893 sending message 112 to peer 0x10357dd40 (13 bytes)
1783013702.214895 sending message 112 to peer 0x10357dd40 (13 bytes)
1783013702.214897 sending message 112 to peer 0x10357dd40 (13 bytes)
1783013702.214899 sending message 112 to peer 0x10357dd40 (11 bytes)
1783013702.214901 sending message 112 to peer 0x10357dd40 (12 bytes)
1783013702.214904 sending message 112 to peer 0x10357dd40 (12 bytes)
1783013702.214906 sending message 112 to peer 0x10357dd40 (12 bytes)
1783013702.214908 sending message 112 to peer 0x10357dd40 (12 bytes)
1783013702.214910 sending message 112 to peer 0x10357dd40 (12 bytes)
1783013702.214912 sending message 112 to peer 0x10357dd40 (21 bytes)
1783013702.214914 sending message 112 to peer 0x10357dd40 (12 bytes)
1783013702.214916 sending message 112 to peer 0x10357dd40 (9 bytes)
1783013702.214918 sending message 112 to peer 0x10357dd40 (6 bytes)
1783013702.214920 sending message 112 to peer 0x10357dd40 (13 bytes)
1783013702.214922 sending message 112 to peer 0x10357dd40 (8 bytes)
1783013702.214925 sending message 112 to peer 0x10357dd40 (15 bytes)
1783013702.214927 sending message 112 to peer 0x10357dd40 (13 bytes)
1783013702.214929 sending message 112 to peer 0x10357dd40 (9 bytes)
1783013702.214931 sending message 112 to peer 0x10357dd40 (70 bytes)
1783013702.214933 sending message 112 to peer 0x10357dd40 (69 bytes)
1783013702.214935 sending message 112 to peer 0x10357dd40 (10 bytes)
1783013702.214937 sending message 112 to peer 0x10357dd40 (10 bytes)
1783013702.214939 sending message 112 to peer 0x10357dd40 (8 bytes)
1783013702.214941 sending message 112 to peer 0x10357dd40 (15 bytes)
1783013702.214943 sending message 112 to peer 0x10357dd40 (13 bytes)
1783013702.214945 sending message 112 to peer 0x10357dd40 (10 bytes)
1783013702.214947 sending message 112 to peer 0x10357dd40 (10 bytes)
1783013702.214950 sending message 112 to peer 0x10357dd40 (17 bytes)
1783013702.214952 sending message 112 to peer 0x10357dd40 (10 bytes)
1783013702.214954 sending message 112 to peer 0x10357dd40 (13 bytes)
1783013702.214956 sending message 112 to peer 0x10357dd40 (9 bytes)
1783013702.214958 sending message 112 to peer 0x10357dd40 (5 bytes)
1783013702.214961 sending message 112 to peer 0x10357dd40 (15 bytes)
1783013702.214963 sending message 104 to peer 0x10357dd40 (0 bytes)
1783013702.214966 sending message 110 to peer 0x10357dd40 (0 bytes)
1783013702.214968 sending message 107 to peer 0x10357dd40 (4 bytes)
1783013702.214970 sending message 105 to peer 0x10357dd40 (49 bytes)
1783013702.214973 sending message 105 to peer 0x10357dd40 (33 bytes)
1783013702.214975 sending message 105 to peer 0x10357dd40 (20 bytes)
1783013702.214977 sending message 105 to peer 0x10357dd40 (22 bytes)
1783013702.214979 sending message 105 to peer 0x10357dd40 (51 bytes)
1783013702.214981 sending message 105 to peer 0x10357dd40 (12 bytes)
1783013702.214984 sending message 105 to peer 0x10357dd40 (26 bytes)
1783013702.214986 sending message 105 to peer 0x10357dd40 (18 bytes)
1783013702.214988 sending message 105 to peer 0x10357dd40 (21 bytes)
1783013702.214990 sending message 105 to peer 0x10357dd40 (25 bytes)
1783013702.214992 sending message 105 to peer 0x10357dd40 (19 bytes)
1783013702.214994 sending message 105 to peer 0x10357dd40 (36 bytes)
1783013702.214996 sending message 105 to peer 0x10357dd40 (30 bytes)
1783013702.214998 sending message 105 to peer 0x10357dd40 (37 bytes)
1783013702.215000 sending message 105 to peer 0x10357dd40 (31 bytes)
1783013702.215002 sending message 105 to peer 0x10357dd40 (25 bytes)
1783013702.215005 sending message 105 to peer 0x10357dd40 (27 bytes)
1783013702.215007 sending message 105 to peer 0x10357dd40 (31 bytes)
1783013702.215011 sending message 105 to peer 0x10357dd40 (34 bytes)
1783013702.215014 sending message 105 to peer 0x10357dd40 (22 bytes)
1783013702.215016 sending message 105 to peer 0x10357dd40 (74 bytes)
1783013702.215018 sending message 105 to peer 0x10357dd40 (25 bytes)
1783013702.215020 sending message 105 to peer 0x10357dd40 (12 bytes)
1783013702.215022 sending message 105 to peer 0x10357dd40 (1014 bytes)
1783013702.215025 sending message 105 to peer 0x10357dd40 (57 bytes)
1783013702.215027 sending message 105 to peer 0x10357dd40 (75 bytes)
1783013702.215029 sending message 105 to peer 0x10357dd40 (52 bytes)
1783013702.215031 sending message 105 to peer 0x10357dd40 (21 bytes)
1783013702.215033 sending message 105 to peer 0x10357dd40 (17 bytes)
1783013702.215035 sending message 105 to peer 0x10357dd40 (19 bytes)
1783013702.215037 sending message 105 to peer 0x10357dd40 (21 bytes)
1783013702.215040 sending message 105 to peer 0x10357dd40 (46 bytes)
1783013702.215042 sending message 105 to peer 0x10357dd40 (14 bytes)
1783013702.215044 sending message 105 to peer 0x10357dd40 (17 bytes)
1783013702.215046 sending message 105 to peer 0x10357dd40 (14 bytes)
1783013702.215048 sending message 105 to peer 0x10357dd40 (105 bytes)
1783013702.215050 sending message 105 to peer 0x10357dd40 (29 bytes)
1783013702.215052 sending message 105 to peer 0x10357dd40 (36 bytes)
1783013702.215054 sending message 105 to peer 0x10357dd40 (18 bytes)
1783013702.215056 sending message 105 to peer 0x10357dd40 (11 bytes)
1783013702.215059 sending message 105 to peer 0x10357dd40 (830 bytes)
1783013702.215061 sending message 105 to peer 0x10357dd40 (16 bytes)
1783013702.215063 sending message 105 to peer 0x10357dd40 (33 bytes)
1783013702.215065 sending message 105 to peer 0x10357dd40 (15 bytes)
1783013702.215067 sending message 105 to peer 0x10357dd40 (8 bytes)
1783013702.215069 sending message 105 to peer 0x10357dd40 (62 bytes)
1783013702.215071 sending message 105 to peer 0x10357dd40 (47 bytes)
1783013702.215073 sending message 105 to peer 0x10357dd40 (75 bytes)
1783013702.215075 sending message 105 to peer 0x10357dd40 (38 bytes)
1783013702.215077 sending message 105 to peer 0x10357dd40 (19 bytes)
1783013702.215080 sending message 105 to peer 0x10357dd40 (17 bytes)
1783013702.215082 sending message 105 to peer 0x10357dd40 (19 bytes)
1783013702.215084 sending message 105 to peer 0x10357dd40 (63 bytes)
1783013702.215086 sending message 105 to peer 0x10357dd40 (18 bytes)
1783013702.215088 sending message 105 to peer 0x10357dd40 (26 bytes)
1783013702.215090 sending message 105 to peer 0x10357dd40 (57 bytes)
1783013702.215092 sending message 105 to peer 0x10357dd40 (43 bytes)
1783013702.215094 sending message 105 to peer 0x10357dd40 (13 bytes)
1783013702.215097 sending message 105 to peer 0x10357dd40 (63 bytes)
1783013702.215099 sending message 105 to peer 0x10357dd40 (14 bytes)
1783013702.215101 sending message 105 to peer 0x10357dd40 (12 bytes)
1783013702.215103 sending message 105 to peer 0x10357dd40 (98 bytes)
1783013702.215105 sending message 105 to peer 0x10357dd40 (14 bytes)
1783013702.215107 sending message 105 to peer 0x10357dd40 (19 bytes)
1783013702.215109 sending message 105 to peer 0x10357dd40 (36 bytes)
1783013702.215111 sending message 105 to peer 0x10357dd40 (48 bytes)
1783013702.215113 sending message 105 to peer 0x10357dd40 (43 bytes)
1783013702.215115 sending message 105 to peer 0x10357dd40 (23 bytes)
1783013702.215118 sending message 105 to peer 0x10357dd40 (43 bytes)
1783013702.215120 sending message 105 to peer 0x10357dd40 (32 bytes)
1783013702.215122 sending message 105 to peer 0x10357dd40 (25 bytes)
1783013702.215124 sending message 106 to peer 0x10357dd40 (0 bytes)
1783013702.215156 sending message 200 to peer 0x10357dd40 (4 bytes)
1783013702.215160 client loop enter
1783013702.215247 peer 0x10357dd40 message 303
1783013702.215255 open write file 2 -
1783013702.215263 sending message 305 to peer 0x10357dd40 (8 bytes)
1783013702.215271 write check file 2
1783013702.215293 peer 0x10357dd40 message 304
1783013702.215297 write 58 to file 2
1783013702.215303 peer 0x10357dd40 message 203
1783013702.215305 file 2 58 bytes left
1783013702.215312 write check file 2
1783013702.215315 client loop exit
